<?xml version="1.0" encoding="UTF-8"?>
<testng-results ignored="0" total="5" passed="5" failed="0" skipped="0">
  <reporter-output>
  </reporter-output>
  <suite started-at="2024-10-10T18:10:40 IST" name="Surefire suite" finished-at="2024-10-10T18:12:00 IST" duration-ms="80826">
    <groups>
      <group name="cucumber">
        <method signature="AbstractTestNGCucumberTests.runScenario(io.cucumber.testng.PickleWrapper,io.cucumber.testng.FeatureWrapper)[pri:0, instance:testRunner.Runner@27c86f2d]" name="runScenario" class="io.cucumber.testng.AbstractTestNGCucumberTests"/>
      </group> <!-- cucumber -->
    </groups>
    <test started-at="2024-10-10T18:10:40 IST" name="Surefire test" finished-at="2024-10-10T18:12:00 IST" duration-ms="80826">
      <class name="testRunner.Runner">
        <test-method is-config="true" signature="setUpClass(org.testng.ITestContext)[pri:0, instance:testRunner.Runner@27c86f2d]" started-at="2024-10-10T18:10:40 IST" name="setUpClass" finished-at="2024-10-10T18:10:41 IST" duration-ms="1041" status="PASS">
          <params>
            <param index="0">
              <value>
                <![CDATA[org.testng.TestRunner@21a02556]]>
              </value>
            </param>
          </params>
          <reporter-output>
          </reporter-output>
        </test-method> <!-- setUpClass -->
        <test-method signature="runScenario(io.cucumber.testng.PickleWrapper,io.cucumber.testng.FeatureWrapper)[pri:0, instance:testRunner.Runner@27c86f2d]" started-at="2024-10-10T18:10:41 IST" name="runScenario" description="Runs Cucumber Scenarios" data-provider="scenarios" finished-at="2024-10-10T18:11:00 IST" duration-ms="19290" status="PASS">
          <params>
            <param index="0">
              <value>
                <![CDATA["check login with valid username and password"]]>
              </value>
            </param>
            <param index="1">
              <value>
                <![CDATA["Login functionality test"]]>
              </value>
            </param>
          </params>
          <reporter-output>
          </reporter-output>
        </test-method> <!-- runScenario -->
        <test-method signature="runScenario(io.cucumber.testng.PickleWrapper,io.cucumber.testng.FeatureWrapper)[pri:0, instance:testRunner.Runner@27c86f2d]" started-at="2024-10-10T18:11:00 IST" name="runScenario" description="Runs Cucumber Scenarios" data-provider="scenarios" finished-at="2024-10-10T18:11:15 IST" duration-ms="14737" status="PASS">
          <params>
            <param index="0">
              <value>
                <![CDATA["check login with valid username and password"]]>
              </value>
            </param>
            <param index="1">
              <value>
                <![CDATA["Login functionality test"]]>
              </value>
            </param>
          </params>
          <reporter-output>
          </reporter-output>
        </test-method> <!-- runScenario -->
        <test-method signature="runScenario(io.cucumber.testng.PickleWrapper,io.cucumber.testng.FeatureWrapper)[pri:0, instance:testRunner.Runner@27c86f2d]" started-at="2024-10-10T18:11:15 IST" name="runScenario" description="Runs Cucumber Scenarios" data-provider="scenarios" finished-at="2024-10-10T18:11:30 IST" duration-ms="15458" status="PASS">
          <params>
            <param index="0">
              <value>
                <![CDATA["check login with valid username and password"]]>
              </value>
            </param>
            <param index="1">
              <value>
                <![CDATA["Login functionality test"]]>
              </value>
            </param>
          </params>
          <reporter-output>
          </reporter-output>
        </test-method> <!-- runScenario -->
        <test-method signature="runScenario(io.cucumber.testng.PickleWrapper,io.cucumber.testng.FeatureWrapper)[pri:0, instance:testRunner.Runner@27c86f2d]" started-at="2024-10-10T18:11:30 IST" name="runScenario" description="Runs Cucumber Scenarios" data-provider="scenarios" finished-at="2024-10-10T18:11:46 IST" duration-ms="15744" status="PASS">
          <params>
            <param index="0">
              <value>
                <![CDATA["check login with valid username and password"]]>
              </value>
            </param>
            <param index="1">
              <value>
                <![CDATA["Login functionality test"]]>
              </value>
            </param>
          </params>
          <reporter-output>
          </reporter-output>
        </test-method> <!-- runScenario -->
        <test-method signature="runScenario(io.cucumber.testng.PickleWrapper,io.cucumber.testng.FeatureWrapper)[pri:0, instance:testRunner.Runner@27c86f2d]" started-at="2024-10-10T18:11:46 IST" name="runScenario" description="Runs Cucumber Scenarios" data-provider="scenarios" finished-at="2024-10-10T18:12:00 IST" duration-ms="14423" status="PASS">
          <params>
            <param index="0">
              <value>
                <![CDATA["user should be able to add products in the cart"]]>
              </value>
            </param>
            <param index="1">
              <value>
                <![CDATA["Login functionality test"]]>
              </value>
            </param>
          </params>
          <reporter-output>
          </reporter-output>
        </test-method> <!-- runScenario -->
        <test-method is-config="true" signature="tearDownClass()[pri:0, instance:testRunner.Runner@27c86f2d]" started-at="2024-10-10T18:12:00 IST" name="tearDownClass" finished-at="2024-10-10T18:12:00 IST" duration-ms="34" status="PASS">
          <reporter-output>
          </reporter-output>
        </test-method> <!-- tearDownClass -->
      </class> <!-- testRunner.Runner -->
    </test> <!-- Surefire test -->
  </suite> <!-- Surefire suite -->
</testng-results>
